\BOOKMARK [1][-]{section.1}{\376\377\000I\000n\000t\000r\000o\000d\000u\000c\000t\000i\000o\000n\000:\000\040\000T\000h\000e\000\040\000O\000n\000t\000o\000l\000o\000g\000i\000c\000a\000l\000\040\000I\000n\000v\000e\000r\000s\000i\000o\000n}{}% 1
\BOOKMARK [2][-]{subsection.1.1}{\376\377\000W\000h\000a\000t\000\040\000`\000`\000u\000n\000i\000t\000a\000r\000y\000-\000f\000i\000r\000s\000t\000'\000'\000\040\000g\000e\000t\000s\000\040\000w\000r\000o\000n\000g\000\040\000o\000p\000e\000r\000a\000t\000i\000o\000n\000a\000l\000l\000y}{section.1}% 2
\BOOKMARK [2][-]{subsection.1.2}{\376\377\000D\000e\000f\000i\000n\000i\000t\000i\000o\000n\000:\000\040\000N\000o\000i\000s\000e\000-\000F\000i\000r\000s\000t\000\040\000O\000n\000t\000o\000l\000o\000g\000y}{section.1}% 3
\BOOKMARK [2][-]{subsection.1.3}{\376\377\000I\000m\000m\000e\000d\000i\000a\000t\000e\000\040\000p\000r\000e\000d\000i\000c\000t\000i\000o\000n\000s\000\040\000f\000r\000o\000m\000\040\000t\000h\000e\000\040\000o\000n\000t\000o\000l\000o\000g\000y}{section.1}% 4
\BOOKMARK [2][-]{subsection.1.4}{\376\377\000R\000e\000l\000a\000t\000i\000o\000n\000\040\000t\000o\000\040\000d\000e\000c\000o\000h\000e\000r\000e\000n\000c\000e\000:\000\040\000o\000p\000e\000r\000a\000t\000i\000o\000n\000a\000l\000\040\000v\000s\000.\000\040\000o\000n\000t\000o\000l\000o\000g\000i\000c\000a\000l\000\040\000e\000m\000p\000h\000a\000s\000i\000s}{section.1}% 5
\BOOKMARK [2][-]{subsection.1.5}{\376\377\000T\000h\000e\000\040\000M\000e\000m\000o\000r\000y\000-\000R\000e\000s\000o\000n\000a\000n\000c\000e\000\040\000C\000o\000n\000d\000i\000t\000i\000o\000n\000\040\000a\000s\000\040\000a\000\040\000t\000e\000s\000t\000a\000b\000l\000e\000\040\000i\000n\000v\000a\000r\000i\000a\000n\000t}{section.1}% 6
\BOOKMARK [2][-]{subsection.1.6}{\376\377\000R\000e\000l\000a\000t\000i\000o\000n\000\040\000t\000o\000\040\000d\000e\000c\000o\000h\000e\000r\000e\000n\000c\000e\000\040\000t\000h\000e\000o\000r\000y}{section.1}% 7
\BOOKMARK [2][-]{subsection.1.7}{\376\377\000C\000o\000n\000t\000r\000i\000b\000u\000t\000i\000o\000n\000s}{section.1}% 8
\BOOKMARK [2][-]{subsection.1.8}{\376\377\000R\000o\000a\000d\000m\000a\000p}{section.1}% 9
\BOOKMARK [1][-]{section.2}{\376\377\000S\000y\000n\000t\000h\000e\000s\000i\000s\000\040\000m\000a\000p\000\040\000a\000n\000d\000\040\000t\000a\000x\000o\000n\000o\000m\000y}{}% 10
\BOOKMARK [1][-]{section.3}{\376\377\000F\000r\000a\000m\000e\000w\000o\000r\000k\000:\000\040\000o\000v\000e\000r\000l\000a\000p\000\040\000f\000u\000n\000c\000t\000i\000o\000n\000a\000l\000\040\000a\000n\000d\000\040\000c\000l\000a\000s\000s\000e\000s}{}% 11
\BOOKMARK [2][-]{subsection.3.1}{\376\377\000F\000o\000r\000m\000a\000l\000\040\000d\000e\000r\000i\000v\000a\000t\000i\000o\000n\000:\000\040\000s\000p\000e\000c\000t\000r\000a\000l\000-\000o\000v\000e\000r\000l\000a\000p\000\040\000e\000x\000t\000r\000e\000m\000u\000m}{section.3}% 12
\BOOKMARK [2][-]{subsection.3.2}{\376\377\000M\000e\000m\000o\000r\000y\000-\000k\000e\000r\000n\000e\000l\000\040\000f\000o\000r\000m\000u\000l\000a\000t\000i\000o\000n\000:\000\040\000N\000a\000k\000a\000j\000i\000m\000a\040\023\000Z\000w\000a\000n\000z\000i\000g\000\040\000c\000o\000n\000n\000e\000c\000t\000i\000o\000n}{section.3}% 13
\BOOKMARK [2][-]{subsection.3.3}{\376\377\000S\000c\000a\000l\000i\000n\000g\000\040\000l\000a\000w\000s\000\040\000a\000n\000d\000\040\000f\000a\000l\000s\000i\000f\000i\000a\000b\000l\000e\000\040\000p\000r\000e\000d\000i\000c\000t\000i\000o\000n\000s}{section.3}% 14
\BOOKMARK [1][-]{section.4}{\376\377\000D\000i\000a\000g\000n\000o\000s\000t\000i\000c\000s\000\040\000t\000h\000a\000t\000\040\000t\000e\000s\000t\000\040\000t\000h\000e\000\040\000o\000n\000t\000o\000l\000o\000g\000y}{}% 15
\BOOKMARK [2][-]{subsection.4.1}{\376\377\000D\000e\000s\000i\000g\000n\000\040\000C\000a\000r\000d\000:\000\040\000M\000e\000m\000o\000r\000y\000-\000R\000e\000s\000o\000n\000a\000n\000c\000e\000\040\000C\000o\000n\000d\000i\000t\000i\000o\000n\000\040\000\050\0001\000\051}{section.4}% 16
\BOOKMARK [1][-]{section.5}{\376\377\000R\000e\000s\000u\000l\000t\000s}{}% 17
\BOOKMARK [2][-]{subsection.5.1}{\376\377\000C\000l\000a\000s\000s\000i\000c\000a\000l\000\040\000p\000i\000l\000l\000a\000r\000\040\000\050\000C\000l\000a\000s\000s\000\040\000S\000\051\000:\000\040\000O\000U\000\040\000v\000s\000\040\000P\000S\000D\000-\000m\000a\000t\000c\000h\000e\000d\000\040\000s\000u\000r\000r\000o\000g\000a\000t\000e}{section.5}% 18
\BOOKMARK [2][-]{subsection.5.2}{\376\377\000C\000l\000a\000s\000s\000i\000c\000a\000l\000\040\000c\000o\000h\000e\000r\000e\000n\000t\000\040\000m\000o\000d\000u\000l\000a\000t\000i\000o\000n\000\040\000\050\000C\000l\000a\000s\000s\000\040\000C\000\051\000:\000\040\000P\000S\000D\000\040\000s\000u\000r\000r\000o\000g\000a\000t\000e\000\040\000f\000a\000i\000l\000s}{section.5}% 19
\BOOKMARK [2][-]{subsection.5.3}{\376\377\000Q\000u\000a\000n\000t\000u\000m\000\040\000p\000r\000o\000b\000e\000\040\000\050\000C\000l\000a\000s\000s\000\040\000M\000\051\000:\000\040\000e\000q\000u\000a\000l\000-\000c\000a\000r\000r\000i\000e\000r\000\040\000e\000n\000h\000a\000n\000c\000e\000m\000e\000n\000t\000\040\000w\000i\000t\000h\000\040\000d\000e\000t\000u\000n\000i\000n\000g\000\040\000a\000n\000d\000\040\000K\000e\000r\000r}{section.5}% 20
\BOOKMARK [2][-]{subsection.5.4}{\376\377\000Q\000u\000a\000n\000t\000u\000m\000\040\000p\000r\000o\000b\000e\000\040\000\050\000C\000l\000a\000s\000s\000\040\000M\000\051\000:\000\040\000e\000q\000u\000a\000l\000-\000c\000a\000r\000r\000i\000e\000r\000\040\000n\000u\000l\000l\000\040\000b\000o\000u\000n\000d\000a\000r\000y}{section.5}% 21
\BOOKMARK [2][-]{subsection.5.5}{\376\377\000C\000r\000o\000s\000s\000-\000d\000o\000m\000a\000i\000n\000\040\000c\000o\000l\000l\000a\000p\000s\000e\000\040\000o\000n\000t\000o\000\040\000t\000h\000e\000\040\000M\000R\000\040\000b\000a\000n\000d}{section.5}% 22
\BOOKMARK [2][-]{subsection.5.6}{\376\377\000R\000o\000b\000u\000s\000t\000n\000e\000s\000s\000\040\000a\000c\000r\000o\000s\000s\000\040\000m\000e\000t\000r\000i\000c\000s}{section.5}% 23
\BOOKMARK [1][-]{section.6}{\376\377\000D\000i\000s\000c\000u\000s\000s\000i\000o\000n\000:\000\040\000t\000h\000e\000\040\000M\000R\000C\000\040\000a\000s\000\040\000a\000\040\000s\000y\000n\000t\000h\000e\000s\000i\000s\000\040\000a\000n\000d\000\040\000d\000e\000s\000i\000g\000n\000\040\000g\000u\000i\000d\000e}{}% 24
\BOOKMARK [2][-]{subsection.6.1}{\376\377\000T\000h\000e\000\040\000M\000R\000C\000\040\000a\000s\000\040\000s\000y\000n\000t\000h\000e\000s\000i\000s\000,\000\040\000n\000o\000t\000\040\000d\000i\000s\000c\000o\000v\000e\000r\000y}{section.6}% 25
\BOOKMARK [2][-]{subsection.6.2}{\376\377\000M\000e\000c\000h\000a\000n\000i\000s\000m\000\040\000v\000a\000r\000i\000e\000s\000,\000\040\000o\000b\000s\000e\000r\000v\000a\000b\000l\000e\000\040\000p\000e\000r\000s\000i\000s\000t\000s}{section.6}% 26
\BOOKMARK [2][-]{subsection.6.3}{\376\377\000C\000o\000n\000c\000r\000e\000t\000e\000\040\000e\000x\000p\000e\000r\000i\000m\000e\000n\000t\000a\000l\000\040\000p\000r\000o\000t\000o\000c\000o\000l\000s}{section.6}% 27
\BOOKMARK [2][-]{subsection.6.4}{\376\377\000F\000a\000i\000l\000u\000r\000e\000\040\000m\000o\000d\000e\000s\000\040\000a\000n\000d\000\040\000b\000o\000u\000n\000d\000a\000r\000y\000\040\000c\000o\000n\000d\000i\000t\000i\000o\000n\000s}{section.6}% 28
\BOOKMARK [1][-]{section.7}{\376\377\000C\000o\000n\000c\000l\000u\000s\000i\000o\000n}{}% 29
